#
# There is insufficient memory for the Java Runtime Environment to continue.
# Native memory allocation (malloc) failed to allocate 32744 bytes for ChunkPool::allocate
# Possible reasons:
#   The system is out of physical RAM or swap space
#   In 32 bit mode, the process size limit was hit
# Possible solutions:
#   Reduce memory load on the system
#   Increase physical memory or swap space
#   Check if swap backing store is full
#   Use 64 bit Java on a 64 bit OS
#   Decrease Java heap size (-Xmx/-Xms)
#   Decrease number of Java threads
#   Decrease Java thread stack sizes (-Xss)
#   Set larger code cache with -XX:ReservedCodeCacheSize=
# This output file may be truncated or incomplete.
#
#  Out of Memory Error (allocation.cpp:273), pid=1400, tid=0x00000000000014b0
#
# JRE version: Java(TM) SE Runtime Environment (8.0_152-b16) (build 1.8.0_152-b16)
# Java VM: Java HotSpot(TM) 64-Bit Server VM (25.152-b16 mixed mode windows-amd64 compressed oops)
# Failed to write core dump. Minidumps are not enabled by default on client versions of Windows
#

---------------  T H R E A D  ---------------

Current thread (0x0000000001f9f000):  JavaThread "main" [_thread_in_vm, id=5296, stack(0x0000000002200000,0x0000000002300000)]

Stack: [0x0000000002200000,0x0000000002300000]
[error occurred during error reporting (printing stack bounds), id 0xc0000005]

Native frames: (J=compiled Java code, j=interpreted, Vv=VM code, C=native code)

Java frames: (J=compiled Java code, j=interpreted, Vv=VM code)
j  java.lang.invoke.MethodHandleImpl.<clinit>()V+30
v  ~StubRoutines::call_stub
j  java.lang.invoke.MethodHandle.<clinit>()V+16
v  ~StubRoutines::call_stub

---------------  P R O C E S S  ---------------

Java Threads: ( => current thread )
  0x0000000054d22800 JavaThread "C1 CompilerThread1" daemon [_thread_in_vm, id=1788, stack(0x0000000055fc0000,0x00000000560c0000)]
  0x0000000054d1b000 JavaThread "C2 CompilerThread0" daemon [_thread_in_vm, id=7756, stack(0x0000000055d60000,0x0000000055e60000)]
  0x0000000054d19000 JavaThread "Attach Listener" daemon [_thread_blocked, id=2176, stack(0x0000000055b60000,0x0000000055c60000)]
  0x0000000054d17800 JavaThread "Signal Dispatcher" daemon [_thread_blocked, id=6420, stack(0x0000000055a60000,0x0000000055b60000)]
  0x0000000054cff800 JavaThread "Finalizer" daemon [_thread_blocked, id=3264, stack(0x0000000055950000,0x0000000055a50000)]
  0x0000000054cb8800 JavaThread "Reference Handler" daemon [_thread_blocked, id=7520, stack(0x0000000055770000,0x0000000055870000)]
=>0x0000000001f9f000 JavaThread "main" [_thread_in_vm, id=5296, stack(0x0000000002200000,0x0000000002300000)]

Other Threads:
  0x0000000054cae800 VMThread [stack: 0x0000000055660000,0x0000000055760000] [id=1284]

VM state:not at safepoint (normal execution)

VM Mutex/Monitor currently owned by a thread: None

Heap:
 PSYoungGen      total 18944K, used 655K [0x00000000eab00000, 0x00000000ec000000, 0x0000000100000000)
  eden space 16384K, 4% used [0x00000000eab00000,0x00000000eaba3e00,0x00000000ebb00000)
  from space 2560K, 0% used [0x00000000ebd80000,0x00000000ebd80000,0x00000000ec000000)
  to   space 2560K, 0% used [0x00000000ebb00000,0x00000000ebb00000,0x00000000ebd80000)
 ParOldGen       total 44032K, used 0K [0x00000000c0000000, 0x00000000c2b00000, 0x00000000eab00000)
  object space 44032K, 0% used [0x00000000c0000000,0x00000000c0000000,0x00000000c2b00000)
 Metaspace       used 2082K, capacity 4480K, committed 4480K, reserved 1056768K
  class space    used 232K, capacity 384K, committed 384K, reserved 1048576K

Card table byte_map: [0x0000000011990000,0x0000000011ba0000] byte_map_base: 0x0000000011390000

Marking Bits: (ParMarkBitMap*) 0x0000000061ee0860
 Begin Bits: [0x0000000012180000, 0x0000000013180000)
 End Bits:   [0x0000000013180000, 0x0000000014180000)

Polling page: 0x0000000000100000

CodeCache: size=245760Kb used=998Kb max_used=998Kb free=244761Kb
 bounds [0x00000000025d0000, 0x0000000002840000, 0x00000000115d0000]
 total_blobs=167 nmethods=0 adapters=133
 compilation: enabled

Compilation events (0 events):
No events

GC Heap History (0 events):
No events

Deoptimization events (0 events):
No events

Classes redefined (0 events):
No events

Internal exceptions (2 events):
Event: 0.080 Thread 0x0000000001f9f000 Exception <a 'java/lang/NoSuchMethodError': Method sun.misc.Unsafe.defineClass(Ljava/lang/String;[BII)Ljava/lang/Class; name or signature does not match> (0x00000000eab07ca8) thrown at [C:\re\workspace\8-2-build-windows-amd64-cygwin\jdk8u152\9742\hotspot\
Event: 0.081 Thread 0x0000000001f9f000 Exception <a 'java/lang/NoSuchMethodError': Method sun.misc.Unsafe.prefetchRead(Ljava/lang/Object;J)V name or signature does not match> (0x00000000eab07f90) thrown at [C:\re\workspace\8-2-build-windows-amd64-cygwin\jdk8u152\9742\hotspot\src\share\vm\prims

Events (10 events):
Event: 0.149 loading class java/lang/SystemClassLoaderAction
Event: 0.149 loading class java/lang/SystemClassLoaderAction done
Event: 0.149 Thread 0x0000000054d17800 Thread added: 0x0000000054d17800
Event: 0.149 Thread 0x0000000054d19000 Thread added: 0x0000000054d19000
Event: 0.150 Thread 0x0000000054d1b000 Thread added: 0x0000000054d1b000
Event: 0.150 Thread 0x0000000054d22800 Thread added: 0x0000000054d22800
Event: 0.150 loading class java/lang/invoke/MethodHandleImpl
Event: 0.150 loading class java/lang/invoke/MethodHandleImpl done
Event: 0.150 loading class java/lang/invoke/MethodHandleImpl$1
Event: 0.150 loading class java/lang/invoke/MethodHandleImpl$1 done


Dynamic libraries:
0x000000013f550000 - 0x000000013f587000 	G:\Program Files\Java\jre1.8.9_152\bin\javaw.exe
0x0000000077520000 - 0x00000000776c9000 	C:\Windows\SYSTEM32\ntdll.dll
0x0000000077400000 - 0x000000007751f000 	C:\Windows\system32\kernel32.dll
0x000007fefd650000 - 0x000007fefd6bc000 	C:\Windows\system32\KERNELBASE.dll
0x000007fefd950000 - 0x000007fefda2b000 	C:\Windows\system32\ADVAPI32.dll
0x000007feff190000 - 0x000007feff22f000 	C:\Windows\system32\msvcrt.dll
0x000007fefea40000 - 0x000007fefea5f000 	C:\Windows\SYSTEM32\sechost.dll
0x000007feff470000 - 0x000007feff59d000 	C:\Windows\system32\RPCRT4.dll
0x0000000077300000 - 0x00000000773fa000 	C:\Windows\system32\USER32.dll
0x000007fefd730000 - 0x000007fefd797000 	C:\Windows\system32\GDI32.dll
0x000007fefeb80000 - 0x000007fefeb8e000 	C:\Windows\system32\LPK.dll
0x000007fefea60000 - 0x000007fefeb29000 	C:\Windows\system32\USP10.dll
0x000007fefbf50000 - 0x000007fefc144000 	C:\Windows\WinSxS\amd64_microsoft.windows.common-controls_6595b64144ccf1df_6.0.7601.17514_none_fa396087175ac9ac\COMCTL32.dll
0x000007fefeba0000 - 0x000007fefec11000 	C:\Windows\system32\SHLWAPI.dll
0x000007fefec80000 - 0x000007fefecae000 	C:\Windows\system32\IMM32.DLL
0x000007fefd840000 - 0x000007fefd949000 	C:\Windows\system32\MSCTF.dll
0x00000000615e0000 - 0x00000000616b2000 	G:\Program Files\Java\jre1.8.9_152\bin\msvcr100.dll
0x00000000616c0000 - 0x0000000061f60000 	G:\Program Files\Java\jre1.8.9_152\bin\server\jvm.dll
0x000007fee74b0000 - 0x000007fee74b9000 	C:\Windows\system32\WSOCK32.dll
0x000007fefeb30000 - 0x000007fefeb7d000 	C:\Windows\system32\WS2_32.dll
0x000007fefeb90000 - 0x000007fefeb98000 	C:\Windows\system32\NSI.dll
0x000007fefa680000 - 0x000007fefa6bb000 	C:\Windows\system32\WINMM.dll
0x000007fefc440000 - 0x000007fefc44c000 	C:\Windows\system32\VERSION.dll
0x00000000776e0000 - 0x00000000776e7000 	C:\Windows\system32\PSAPI.DLL
0x000000006b730000 - 0x000000006b73f000 	G:\Program Files\Java\jre1.8.9_152\bin\verify.dll
0x0000000064f50000 - 0x0000000064f79000 	G:\Program Files\Java\jre1.8.9_152\bin\java.dll
0x0000000064f90000 - 0x0000000064fa6000 	G:\Program Files\Java\jre1.8.9_152\bin\zip.dll
0x000007fefda30000 - 0x000007fefe7b8000 	C:\Windows\system32\SHELL32.dll
0x000007fefecb0000 - 0x000007fefeeb3000 	C:\Windows\system32\ole32.dll
0x000007fefd370000 - 0x000007fefd37f000 	C:\Windows\system32\profapi.dll

VM Arguments:
jvm_args: -Dfile.encoding=Cp1251 
java_command: TASK12A.View12A
java_class_path (initial): G:\Program Files\Java\jre1.8.9_152\lib\resources.jar;G:\Program Files\Java\jre1.8.9_152\lib\rt.jar;G:\Program Files\Java\jre1.8.9_152\lib\jsse.jar;G:\Program Files\Java\jre1.8.9_152\lib\jce.jar;G:\Program Files\Java\jre1.8.9_152\lib\charsets.jar;G:\Program Files\Java\jre1.8.9_152\lib\jfr.jar;G:\Program Files\Java\jre1.8.9_152\lib\ext\access-bridge-64.jar;G:\Program Files\Java\jre1.8.9_152\lib\ext\cldrdata.jar;G:\Program Files\Java\jre1.8.9_152\lib\ext\dnsns.jar;G:\Program Files\Java\jre1.8.9_152\lib\ext\jaccess.jar;G:\Program Files\Java\jre1.8.9_152\lib\ext\jfxrt.jar;G:\Program Files\Java\jre1.8.9_152\lib\ext\localedata.jar;G:\Program Files\Java\jre1.8.9_152\lib\ext\nashorn.jar;G:\Program Files\Java\jre1.8.9_152\lib\ext\sunec.jar;G:\Program Files\Java\jre1.8.9_152\lib\ext\sunjce_provider.jar;G:\Program Files\Java\jre1.8.9_152\lib\ext\sunmscapi.jar;G:\Program Files\Java\jre1.8.9_152\lib\ext\sunpkcs11.jar;G:\Program Files\Java\jre1.8.9_152\lib\ext\zipfs.jar;G:\Program Files\Java\eclipse-jee-oxygen-2-win32-x86_64\eclipse-workspace\LAB4_workWithABC\bin
Launcher Type: SUN_STANDARD

Environment Variables:
PATH=G:/Program Files/Java/jre1.8.9_152/bin/server;G:/Program Files/Java/jre1.8.9_152/bin;G:/Program Files/Java/jre1.8.9_152/lib/amd64;C:\ProgramData\Oracle\Java\javapath;C:\Program Files (x86)\PC Connectivity Solution\;C:\Windows\system32;C:\Windows;C:\Windows\System32\Wbem;C:\Windows\System32\WindowsPowerShell\v1.0\;C:\Program Files (x86)\Common Files\Ulead Systems\MPEG;C:\Program Files (x86)\NVIDIA Corporation\PhysX\Common;C:\Program Files (x86)\Windows Kits\8.1\Windows Performance Toolkit\;C:\Program Files\Microsoft SQL Server\110\Tools\Binn\;C:\Program Files (x86)\Microsoft SDKs\TypeScript\1.0\;C:\Program Files\Microsoft SQL Server\120\Tools\Binn\;C:\Program Files\OpenVPN\bin;C:\Program Files (x86)\Skype\Phone\;C:\Program Files (x86)\Microsoft SQL Server\110\Tools\Binn\;C:\Program Files\Microsoft SQL Server\110\DTS\Binn\;C:\Program Files (x86)\Microsoft SQL Server\110\Tools\Binn\ManagementStudio\;C:\Program Files (x86)\Microsoft Visual Studio 10.0\Common7\IDE\PrivateAssemblies\;C:\Program Files (x86)\Microsoft SQL Server\110\DTS\Binn\;G:\Program Files\Java\jdk1.8.0_152\bin\;G:\Program Files\Java\eclipse-jee-oxygen-2-win32-x86_64;
USERNAME=Nickolai
OS=Windows_NT
PROCESSOR_IDENTIFIER=Intel64 Family 6 Model 23 Stepping 6, GenuineIntel



---------------  S Y S T E M  ---------------

OS: Windows 7 , 64 bit Build 7601 (6.1.7601.17932)

CPU:total 2 (initial active 2) (2 cores per cpu, 1 threads per core) family 6 model 23 stepping 6, cmov, cx8, fxsr, mmx, sse, sse2, sse3, ssse3, sse4.1, tsc

Memory: 4k page, physical 4193400k(853284k free), swap 8385852k(5096k free)

vm_info: Java HotSpot(TM) 64-Bit Server VM (25.152-b16) for windows-amd64 JRE (1.8.0_152-b16), built on Sep 14 2017 02:29:36 by "java_re" with MS VC++ 10.0 (VS2010)

time: Tue Mar 06 21:21:25 2018
elapsed time: 0 seconds (0d 0h 0m 0s)

